# Timestamp,               State,    Clock ID,              One Way Delay, Offset From Master, Slave to Master, Master to Slave, Observed Drift, Last packet Received, One Way Delay Mean, One Way Delay Std Dev, Offset From Master Mean, Offset From Master Std Dev, Observed Drift Mean, Observed Drift Std Dev, raw delayMS, raw delaySM
2000-01-01 00:19:29.371818, init, 
2000-01-01 00:19:29.518919, lstn_init,  1 
2000-01-01 00:19:29.749924, slv, 641c67fffe9298b4(unknown)/1,  0.000000000,  0.000000000,  0.000000000,  0.000000000, 0.000000000, I, 0.000000000, 0, 0.000000000, 0, 0, 0,  0.000000000,  0.000000000
2000-01-01 00:19:30.748531, slv, 641c67fffe9298b4(unknown)/1,  0.000000000, -661358487.429871277,  0.000000000, -661358487.429871277, 0.000000000, S, 0.000000000, 0, 0.000000000, 0, 0, 0, -661358487.429871277,  0.000000000
2020-12-15 15:00:58.195744, flt, 
2020-12-15 15:00:58.195860, init, 
2020-12-15 15:00:58.359390, lstn_reset,  2 
2020-12-15 15:00:59.178398, slv, 641c67fffe9298b4(unknown)/1,  0.000000000,  0.000000000,  0.000000000,  0.000000000, 0.000000000, I, 0.000000000, 0, 0.000000000, 0, 0, 0, -661358487.429871277,  0.000000000
2020-12-15 15:01:00.178434, slv, 641c67fffe9298b4(unknown)/1,  0.000000000, -0.000060885,  0.000000000, -0.000121771, 0.000000000, S, 0.000000000, 0, 0.000000000, 0, 0, 0, -0.000121771,  0.000000000
2020-12-15 15:01:01.177999, slv, 641c67fffe9298b4(unknown)/1,  0.000000000,  0.000001323,  0.000000000,  0.000124417, 0.000000000, S, 0.000000000, 0, 0.000000000, 0, 0, 0,  0.000124417,  0.000000000
2020-12-15 15:01:01.180309, slv, 641c67fffe9298b4(unknown)/1,  0.000202073,  0.000001323,  0.000683876,  0.000124417, 1.323000000, D, 0.000000000, 0, 0.000000000, 0, 0, 0,  0.000124417,  0.000683876
2020-12-15 15:01:01.784712, slv, 641c67fffe9298b4(unknown)/1,  0.000303494,  0.000001323,  0.000686949,  0.000124417, 1.323000000, D, 0.000000000, 0, 0.000000000, 0, 0, 0,  0.000124417,  0.000686949
2020-12-15 15:01:01.929825, slv, 641c67fffe9298b4(unknown)/1,  0.000334712,  0.000001323,  0.000652805,  0.000124417, 1.323000000, D, 0.000000000, 0, 0.000000000, 0, 0, 0,  0.000124417,  0.000652805
2020-12-15 15:01:02.178033, slv, 641c67fffe9298b4(unknown)/1,  0.000334712, -0.000098570,  0.000652805,  0.000013155, 1.323000000, S, 0.000000000, 0, 0.000000000, 0, 0, 0,  0.000013155,  0.000652805
2020-12-15 15:01:02.206674, slv, 641c67fffe9298b4(unknown)/1,  0.000343048, -0.000098570,  0.000681844,  0.000013155, -97.247000000, D, 0.000000000, 0, 0.000000000, 0, 0, 0,  0.000013155,  0.000681844
2020-12-15 15:01:03.178128, slv, 641c67fffe9298b4(unknown)/1,  0.000343048, -0.000209917,  0.000681844,  0.000244769, -97.247000000, S, 0.000000000, 0, 0.000000000, 0, 0, 0,  0.000244769,  0.000681844
2020-12-15 15:01:03.990797, slv, 641c67fffe9298b4(unknown)/1,  0.000336590, -0.000209917,  0.000303267,  0.000244769, -307.164000000, D, 0.000000000, 0, 0.000000000, 0, 0, 0,  0.000244769,  0.000303267
2020-12-15 15:01:04.178598, slv, 641c67fffe9298b4(unknown)/1,  0.000336590, -0.000138501,  0.000303267,  0.000157865, -307.164000000, S, 0.000000000, 0, 0.000000000, 0, 0, 0,  0.000157865,  0.000303267
2020-12-15 15:01:04.629324, slv, 641c67fffe9298b4(unknown)/1,  0.000330376, -0.000138501,  0.000491325,  0.000157865, -445.665000000, D, 0.000000000, 0, 0.000000000, 0, 0, 0,  0.000157865,  0.000491325
2020-12-15 15:01:05.178725, slv, 641c67fffe9298b4(unknown)/1,  0.000330376, -0.000054489,  0.000491325,  0.000400122, -445.665000000, S, 0.000000000, 0, 0.000000000, 0, 0, 0,  0.000400122,  0.000491325
2020-12-15 15:01:06.178246, slv, 641c67fffe9298b4(unknown)/1,  0.000330376,  0.000016215,  0.000491325,  0.000293060, -500.154000000, S, 0.000000000, 0, 0.000000000, 0, 0, 0,  0.000293060,  0.000491325
2020-12-15 15:01:06.205905, slv, 641c67fffe9298b4(unknown)/1,  0.000330953,  0.000016215,  0.000395421,  0.000293060, -483.939000000, D, 0.000000000, 0, 0.000000000, 0, 0, 0,  0.000293060,  0.000395421
2020-12-15 15:01:07.178794, slv, 641c67fffe9298b4(unknown)/1,  0.000330953,  0.000074250,  0.000395421,  0.000516770, -483.939000000, S, 0.000000000, 0, 0.000000000, 0, 0, 0,  0.000516770,  0.000395421
2020-12-15 15:01:07.439259, slv, 641c67fffe9298b4(unknown)/1,  0.000336947,  0.000074250,  0.000310370,  0.000516770, -409.689000000, D, 0.000000000, 0, 0.000000000, 0, 0, 0,  0.000516770,  0.000310370
2020-12-15 15:01:08.178277, slv, 641c67fffe9298b4(unknown)/1,  0.000336947,  0.000124101,  0.000310370,  0.000399334, -409.689000000, S, 0.000000000, 0, 0.000000000, 0, 0, 0,  0.000399334,  0.000310370
2020-12-15 15:01:08.824010, slv, 641c67fffe9298b4(unknown)/1,  0.000340116,  0.000124101,  0.000235408,  0.000399334, -285.588000000, D, 0.000000000, 0, 0.000000000, 0, 0, 0,  0.000399334,  0.000235408
2020-12-15 15:01:09.178985, slv, 641c67fffe9298b4(unknown)/1,  0.000340116,  0.000198630,  0.000235408,  0.000674991, -285.588000000, S, 0.000000000, 0, 0.000000000, 0, 0, 0,  0.000674991,  0.000235408
2020-12-15 15:01:09.492728, slv, 641c67fffe9298b4(unknown)/1,  0.000343917,  0.000198630,  0.000202766,  0.000674991, -86.958000000, D, 0.000000000, 0, 0.000000000, 0, 0, 0,  0.000674991,  0.000202766
2020-12-15 15:01:10.178393, slv, 641c67fffe9298b4(unknown)/1,  0.000343917,  0.000237562,  0.000202766,  0.000484168, -86.958000000, S, 0.000000000, 0, 0.000000000, 0, 0, 0,  0.000484168,  0.000202766
2020-12-15 15:01:10.794625, slv, 641c67fffe9298b4(unknown)/1,  0.000340210,  0.000237562, -0.000149364,  0.000484168, 150.604000000, D, 0.000000000, 0, 0.000000000, 0, 0, 0,  0.000484168, -0.000149364
2020-12-15 15:01:11.178673, slv, 641c67fffe9298b4(unknown)/1,  0.000340210,  0.000243098, -0.000149364,  0.000686156, 150.604000000, S, 0.000000000, 0, 0.000000000, 0, 0, 0,  0.000686156, -0.000149364
2020-12-15 15:01:12.178897, slv, 641c67fffe9298b4(unknown)/1,  0.000340210,  0.000277671, -0.000149364,  0.000549606, 393.702000000, S, 0.000000000, 0, 0.000000000, 0, 0, 0,  0.000549606, -0.000149364
2020-12-15 15:01:12.571826, slv, 641c67fffe9298b4(unknown)/1,  0.000330228,  0.000277671, -0.000002695,  0.000549606, 671.373000000, D, 0.000000000, 0, 0.000000000, 0, 0, 0,  0.000549606, -0.000002695
2020-12-15 15:01:13.178627, slv, 641c67fffe9298b4(unknown)/1,  0.000330228,  0.000313630, -0.000002695,  0.000748093, 671.373000000, S, 0.000000000, 0, 0.000000000, 0, 0, 0,  0.000748093, -0.000002695
2020-12-15 15:01:13.720222, slv, 641c67fffe9298b4(unknown)/1,  0.000331680,  0.000313630,  0.000101412,  0.000748093, 985.003000000, D, 0.000000000, 0, 0.000000000, 0, 0, 0,  0.000748093,  0.000101412
2020-12-15 15:01:14.178592, slv, 641c67fffe9298b4(unknown)/1,  0.000331680,  0.000345630,  0.000101412,  0.000605077, 985.003000000, S, 0.000000000, 0, 0.000000000, 0, 0, 0,  0.000605077,  0.000101412
2020-12-15 15:01:14.600338, slv, 641c67fffe9298b4(unknown)/1,  0.000335615,  0.000345630,  0.000092506,  0.000605077, 1330.633000000, D, 0.000000000, 0, 0.000000000, 0, 0, 0,  0.000605077,  0.000092506
2020-12-15 15:01:15.015814, slv, 641c67fffe9298b4(unknown)/1,  0.000329733,  0.000345630, -0.000313148,  0.000605077, 1330.633000000, D, 0.000000000, 0, 0.000000000, 0, 0, 0,  0.000605077, -0.000313148
2020-12-15 15:01:15.179048, slv, 641c67fffe9298b4(unknown)/1,  0.000329733,  0.000359094, -0.000313148,  0.000774526, 1330.633000000, S, 0.000000000, 0, 0.000000000, 0, 0, 0,  0.000774526, -0.000313148
2020-12-15 15:01:16.178573, slv, 641c67fffe9298b4(unknown)/1,  0.000329733,  0.000378597, -0.000313148,  0.000642135, 1689.727000000, S, 0.000000000, 0, 0.000000000, 0, 0, 0,  0.000642135, -0.000313148
2020-12-15 15:01:16.569336, slv, 641c67fffe9298b4(unknown)/1,  0.000317236,  0.000378597, -0.000414934,  0.000642135, 2068.324000000, D, 0.000000000, 0, 0.000000000, 0, 0, 0,  0.000642135, -0.000414934
2020-12-15 15:01:17.178765, slv, 641c67fffe9298b4(unknown)/1,  0.000317236,  0.000415094, -0.000414934,  0.000835022, 2068.324000000, S, 0.000000000, 0, 0.000000000, 0, 0, 0,  0.000835022, -0.000414934
2020-12-15 15:01:18.178642, slv, 641c67fffe9298b4(unknown)/1,  0.000317236,  0.000437863, -0.000414934,  0.000675176, 2483.418000000, S, 0.000000000, 0, 0.000000000, 0, 0, 0,  0.000675176, -0.000414934
2020-12-15 15:01:18.488994, slv, 641c67fffe9298b4(unknown)/1,  0.000306690,  0.000437863, -0.000350592,  0.000675176, 2921.281000000, D, 0.000000000, 0, 0.000000000, 0, 0, 0,  0.000675176, -0.000350592
2020-12-15 15:01:18.496166, slv, 641c67fffe9298b4(unknown)/1,  0.000302482,  0.000437863, -0.000075967,  0.000675176, 2921.281000000, D, 0.000000000, 0, 0.000000000, 0, 0, 0,  0.000675176, -0.000075967
2020-12-15 15:01:18.586874, slv, 641c67fffe9298b4(unknown)/1,  0.000297639,  0.000437863, -0.000432501,  0.000675176, 2921.281000000, D, 0.000000000, 0, 0.000000000, 0, 0, 0,  0.000675176, -0.000432501
2020-12-15 15:01:19.178710, slv, 641c67fffe9298b4(unknown)/1,  0.000297639,  0.000459616, -0.000432501,  0.000858931, 2921.281000000, S, 0.000000000, 0, 0.000000000, 0, 0, 0,  0.000858931, -0.000432501
2020-12-15 15:01:20.178416, slv, 641c67fffe9298b4(unknown)/1,  0.000297639,  0.000434702, -0.000432501,  0.000605752, 3380.897000000, S, 0.000000000, 0, 0.000000000, 0, 0, 0,  0.000605752, -0.000432501
2020-12-15 15:01:20.476868, slv, 641c67fffe9298b4(unknown)/1,  0.000287438,  0.000434702, -0.000473987,  0.000605752, 3815.599000000, D, 0.000000000, 0, 0.000000000, 0, 0, 0,  0.000605752, -0.000473987
2020-12-15 15:01:20.950764, slv, 641c67fffe9298b4(unknown)/1,  0.000277511,  0.000434702, -0.000421637,  0.000605752, 3815.599000000, D, 0.000000000, 0, 0.000000000, 0, 0, 0,  0.000605752, -0.000421637
2020-12-15 15:01:21.178934, slv, 641c67fffe9298b4(unknown)/1,  0.000277511,  0.000452874, -0.000421637,  0.000875148, 3815.599000000, S, 0.000000000, 0, 0.000000000, 0, 0, 0,  0.000875148, -0.000421637
2020-12-15 15:01:21.816074, slv, 641c67fffe9298b4(unknown)/1,  0.000275804,  0.000452874, -0.000099460,  0.000875148, 4268.473000000, D, 0.000000000, 0, 0.000000000, 0, 0, 0,  0.000875148, -0.000099460
2020-12-15 15:01:22.178712, slv, 641c67fffe9298b4(unknown)/1,  0.000275804,  0.000517505, -0.000099460,  0.000713178, 4268.473000000, S, 0.000000000, 0, 0.000000000, 0, 0, 0,  0.000713178, -0.000099460
2020-12-15 15:01:23.178746, slv, 641c67fffe9298b4(unknown)/1,  0.000275804,  0.000523578, -0.000099460,  0.000885587, 4785.978000000, S, 0.000000000, 0, 0.000000000, 0, 0, 0,  0.000885587, -0.000099460
2020-12-15 15:01:23.676409, slv, 641c67fffe9298b4(unknown)/1,  0.000277101,  0.000523578, -0.000438748,  0.000885587, 5309.556000000, D, 0.000000000, 0, 0.000000000, 0, 0, 0,  0.000885587, -0.000438748
2020-12-15 15:01:24.178693, slv, 641c67fffe9298b4(unknown)/1,  0.000277101,  0.000521376, -0.000438748,  0.000710071, 5309.556000000, S, 0.000000000, 0, 0.000000000, 0, 0, 0,  0.000710071, -0.000438748
2020-12-15 15:01:24.272172, slv, 641c67fffe9298b4(unknown)/1,  0.000272691,  0.000521376, -0.000471876,  0.000710071, 5830.932000000, D, 0.000000000, 0, 0.000000000, 0, 0, 0,  0.000710071, -0.000471876
2020-12-15 15:01:25.178762, slv, 641c67fffe9298b4(unknown)/1,  0.000272691,  0.000515524, -0.000471876,  0.000870769, 5830.932000000, S, 0.000000000, 0, 0.000000000, 0, 0, 0,  0.000870769, -0.000471876
2020-12-15 15:01:25.514120, slv, 641c67fffe9298b4(unknown)/1,  0.000268748,  0.000515524, -0.000412532,  0.000870769, 6346.456000000, D, 0.000000000, 0, 0.000000000, 0, 0, 0,  0.000870769, -0.000412532
2020-12-15 15:01:26.178668, slv, 641c67fffe9298b4(unknown)/1,  0.000268748,  0.000519679, -0.000412532,  0.000710028, 6346.456000000, S, 0.000000000, 0, 0.000000000, 0, 0, 0,  0.000710028, -0.000412532
2020-12-15 15:01:26.323930, slv, 641c67fffe9298b4(unknown)/1,  0.000265539,  0.000519679, -0.000427004,  0.000710028, 6866.135000000, D, 0.000000000, 0, 0.000000000, 0, 0, 0,  0.000710028, -0.000427004
2020-12-15 15:01:27.178736, slv, 641c67fffe9298b4(unknown)/1,  0.000265539,  0.000527536, -0.000427004,  0.000879332, 6866.135000000, S, 0.000000000, 0, 0.000000000, 0, 0, 0,  0.000879332, -0.000427004
2020-12-15 15:01:28.090027, slv, 641c67fffe9298b4(unknown)/1,  0.000262640,  0.000527536, -0.000413280,  0.000879332, 7393.671000000, D, 0.000000000, 0, 0.000000000, 0, 0, 0,  0.000879332, -0.000413280
2020-12-15 15:01:28.178616, slv, 641c67fffe9298b4(unknown)/1,  0.000262640,  0.000529703, -0.000413280,  0.000708255, 7393.671000000, S, 0.000000000, 0, 0.000000000, 0, 0, 0,  0.000708255, -0.000413280
2020-12-15 15:01:29.278998, slv, 641c67fffe9298b4(unknown)/1,  0.000262640,  0.000443236, -0.000413280,  0.000703498, 7923.374000000, S, 0.000306712, 34910, 0.000271120, 236730, 2276, 2740,  0.000703498, -0.000413280
2020-12-15 15:01:29.323771, slv, 641c67fffe9298b4(unknown)/1,  0.000259856,  0.000443236, -0.000430805,  0.000703498, 8366.610000000, D, 0.000306712, 34910, 0.000271120, 236730, 2276, 2740,  0.000703498, -0.000430805
2020-12-15 15:01:29.405125, slv, 641c67fffe9298b4(unknown)/1,  0.000258971,  0.000443236, -0.000039402,  0.000703498, 8366.610000000, D, 0.000306712, 34910, 0.000271120, 236730, 2276, 2740,  0.000703498, -0.000039402
2020-12-15 15:01:30.080704, slv, 641c67fffe9298b4(unknown)/1,  0.000258311,  0.000443236, -0.000410874,  0.000703498, 8366.610000000, D, 0.000306712, 34910, 0.000271120, 236730, 2276, 2740,  0.000703498, -0.000410874
2020-12-15 15:01:30.178691, slv, 641c67fffe9298b4(unknown)/1,  0.000258311,  0.000445520, -0.000410874,  0.000708493, 8366.610000000, S, 0.000306712, 34910, 0.000271120, 236730, 2276, 2740,  0.000708493, -0.000410874
2020-12-15 15:01:30.433026, slv, 641c67fffe9298b4(unknown)/1,  0.000257767,  0.000445520, -0.000035274,  0.000708493, 8812.130000000, D, 0.000306712, 34910, 0.000271120, 236730, 2276, 2740,  0.000708493, -0.000035274
2020-12-15 15:01:31.117200, slv, 641c67fffe9298b4(unknown)/1,  0.000259730,  0.000445520, -0.000099426,  0.000708493, 8812.130000000, D, 0.000306712, 34910, 0.000271120, 236730, 2276, 2740,  0.000708493, -0.000099426
2020-12-15 15:01:31.178722, slv, 641c67fffe9298b4(unknown)/1,  0.000259730,  0.000537778, -0.000099426,  0.000885105, 8812.130000000, S, 0.000306712, 34910, 0.000271120, 236730, 2276, 2740,  0.000885105, -0.000099426
2020-12-15 15:01:31.937638, slv, 641c67fffe9298b4(unknown)/1,  0.000263024,  0.000537778, -0.000020460,  0.000885105, 9349.908000000, D, 0.000306712, 34910, 0.000271120, 236730, 2276, 2740,  0.000885105, -0.000020460
2020-12-15 15:01:32.179030, slv, 641c67fffe9298b4(unknown)/1,  0.000263024,  0.000534809, -0.000020460,  0.000707268, 9349.908000000, S, 0.000306712, 34910, 0.000271120, 236730, 2276, 2740,  0.000707268, -0.000020460
2020-12-15 15:01:32.565748, slv, 641c67fffe9298b4(unknown)/1,  0.000266616,  0.000534809, -0.000031366,  0.000707268, 9884.717000000, D, 0.000306712, 34910, 0.000271120, 236730, 2276, 2740,  0.000707268, -0.000031366
2020-12-15 15:01:33.033940, slv, 641c67fffe9298b4(unknown)/1,  0.000268889,  0.000534809,  0.000001466,  0.000707268, 9884.717000000, D, 0.000306712, 34910, 0.000271120, 236730, 2276, 2740,  0.000707268,  0.000001466
2020-12-15 15:01:33.178758, slv, 641c67fffe9298b4(unknown)/1,  0.000268889,  0.000525775,  0.000001466,  0.000876195, 9884.717000000, S, 0.000306712, 34910, 0.000271120, 236730, 2276, 2740,  0.000876195,  0.000001466
2020-12-15 15:01:34.178612, slv, 641c67fffe9298b4(unknown)/1,  0.000268889,  0.000516655,  0.000001466,  0.000694893, 10410.492000000, S, 0.000306712, 34910, 0.000271120, 236730, 2276, 2740,  0.000694893,  0.000001466
2020-12-15 15:01:34.490825, slv, 641c67fffe9298b4(unknown)/1,  0.000268387,  0.000516655, -0.000400385,  0.000694893, 10927.147000000, D, 0.000306712, 34910, 0.000271120, 236730, 2276, 2740,  0.000694893, -0.000400385
2020-12-15 15:01:34.695269, slv, 641c67fffe9298b4(unknown)/1,  0.000266068,  0.000516655, -0.000259125,  0.000694893, 10927.147000000, D, 0.000306712, 34910, 0.000271120, 236730, 2276, 2740,  0.000694893, -0.000259125
2020-12-15 15:01:35.178734, slv, 641c67fffe9298b4(unknown)/1,  0.000266068,  0.000507787, -0.000259125,  0.000855639, 10927.147000000, S, 0.000306712, 34910, 0.000271120, 236730, 2276, 2740,  0.000855639, -0.000259125
2020-12-15 15:01:36.178695, slv, 641c67fffe9298b4(unknown)/1,  0.000266068,  0.000504530, -0.000259125,  0.000685559, 11434.934000000, S, 0.000306712, 34910, 0.000271120, 236730, 2276, 2740,  0.000685559, -0.000259125
2020-12-15 15:01:36.396133, slv, 641c67fffe9298b4(unknown)/1,  0.000263872,  0.000504530, -0.000390903,  0.000685559, 11939.464000000, D, 0.000306712, 34910, 0.000271120, 236730, 2276, 2740,  0.000685559, -0.000390903
2020-12-15 15:01:37.178692, slv, 641c67fffe9298b4(unknown)/1,  0.000263872,  0.000503848, -0.000390903,  0.000852078, 11939.464000000, S, 0.000306712, 34910, 0.000271120, 236730, 2276, 2740,  0.000852078, -0.000390903
2020-12-15 15:01:37.237823, slv, 641c67fffe9298b4(unknown)/1,  0.000264493,  0.000503848,  0.000005583,  0.000852078, 12443.312000000, D, 0.000306712, 34910, 0.000271120, 236730, 2276, 2740,  0.000852078,  0.000005583
2020-12-15 15:01:38.109794, slv, 641c67fffe9298b4(unknown)/1,  0.000268527,  0.000503848, -0.000006379,  0.000852078, 12443.312000000, D, 0.000306712, 34910, 0.000271120, 236730, 2276, 2740,  0.000852078, -0.000006379
2020-12-15 15:01:38.178688, slv, 641c67fffe9298b4(unknown)/1,  0.000268527,  0.000497086, -0.000006379,  0.000674494, 12443.312000000, S, 0.000306712, 34910, 0.000271120, 236730, 2276, 2740,  0.000674494, -0.000006379
2020-12-15 15:01:39.111816, slv, 641c67fffe9298b4(unknown)/1,  0.000268971,  0.000497086, -0.000373334,  0.000674494, 12940.398000000, D, 0.000306712, 34910, 0.000271120, 236730, 2276, 2740,  0.000674494, -0.000373334
2020-12-15 15:01:39.178743, slv, 641c67fffe9298b4(unknown)/1,  0.000268971,  0.000488514, -0.000373334,  0.000840033, 12940.398000000, S, 0.000306712, 34910, 0.000271120, 236730, 2276, 2740,  0.000840033, -0.000373334
2020-12-15 15:01:39.729922, slv, 641c67fffe9298b4(unknown)/1,  0.000269530,  0.000488514,  0.000028639,  0.000840033, 13428.912000000, D, 0.000306712, 34910, 0.000271120, 236730, 2276, 2740,  0.000840033,  0.000028639
2020-12-15 15:01:39.749414, slv, 641c67fffe9298b4(unknown)/1,  0.000273315,  0.000488514,  0.000020476,  0.000840033, 13428.912000000, D, 0.000306712, 34910, 0.000271120, 236730, 2276, 2740,  0.000840033,  0.000020476
2020-12-15 15:01:40.178648, slv, 641c67fffe9298b4(unknown)/1,  0.000273315,  0.000481078,  0.000020476,  0.000664410, 13428.912000000, S, 0.000306712, 34910, 0.000271120, 236730, 2276, 2740,  0.000664410,  0.000020476
2020-12-15 15:01:41.179123, slv, 641c67fffe9298b4(unknown)/1,  0.000273315,  0.000461147,  0.000020476,  0.000804516, 13909.990000000, S, 0.000306712, 34910, 0.000271120, 236730, 2276, 2740,  0.000804516,  0.000020476
2020-12-15 15:01:41.630928, slv, 641c67fffe9298b4(unknown)/1,  0.000274526,  0.000461147, -0.000358581,  0.000804516, 14371.137000000, D, 0.000306712, 34910, 0.000271120, 236730, 2276, 2740,  0.000804516, -0.000358581
2020-12-15 15:01:42.178422, slv, 641c67fffe9298b4(unknown)/1,  0.000274526,  0.000456098, -0.000358581,  0.000655523, 14371.137000000, S, 0.000306712, 34910, 0.000271120, 236730, 2276, 2740,  0.000655523, -0.000358581
2020-12-15 15:01:42.663695, slv, 641c67fffe9298b4(unknown)/1,  0.000272394,  0.000456098, -0.000387181,  0.000655523, 14827.235000000, D, 0.000306712, 34910, 0.000271120, 236730, 2276, 2740,  0.000655523, -0.000387181
2020-12-15 15:01:43.178728, slv, 641c67fffe9298b4(unknown)/1,  0.000272394,  0.000464820, -0.000387181,  0.000821038, 14827.235000000, S, 0.000306712, 34910, 0.000271120, 236730, 2276, 2740,  0.000821038, -0.000387181
2020-12-15 15:01:44.178862, slv, 641c67fffe9298b4(unknown)/1,  0.000272394,  0.000453383, -0.000387181,  0.000630517, 15292.055000000, S, 0.000306712, 34910, 0.000271120, 236730, 2276, 2740,  0.000630517, -0.000387181
2020-12-15 15:01:44.236361, slv, 641c67fffe9298b4(unknown)/1,  0.000271503,  0.000453383,  0.000026737,  0.000630517, 15745.438000000, D, 0.000306712, 34910, 0.000271120, 236730, 2276, 2740,  0.000630517,  0.000026737
2020-12-15 15:01:45.178808, slv, 641c67fffe9298b4(unknown)/1,  0.000271503,  0.000437009,  0.000026737,  0.000787400, 15745.438000000, S, 0.000306712, 34910, 0.000271120, 236730, 2276, 2740,  0.000787400,  0.000026737
2020-12-15 15:01:46.036682, slv, 641c67fffe9298b4(unknown)/1,  0.000271544,  0.000437009, -0.000350887,  0.000787400, 16182.447000000, D, 0.000306712, 34910, 0.000271120, 236730, 2276, 2740,  0.000787400, -0.000350887
2020-12-15 15:01:46.178607, slv, 641c67fffe9298b4(unknown)/1,  0.000271544,  0.000444190, -0.000350887,  0.000644029, 16182.447000000, S, 0.000306712, 34910, 0.000271120, 236730, 2276, 2740,  0.000644029, -0.000350887
2020-12-15 15:01:47.075933, slv, 641c67fffe9298b4(unknown)/1,  0.000271296,  0.000444190, -0.000041952,  0.000644029, 16626.637000000, D, 0.000306712, 34910, 0.000271120, 236730, 2276, 2740,  0.000644029, -0.000041952
2020-12-15 15:01:47.178753, slv, 641c67fffe9298b4(unknown)/1,  0.000271296,  0.000454610, -0.000041952,  0.000808032, 16626.637000000, S, 0.000306712, 34910, 0.000271120, 236730, 2276, 2740,  0.000808032, -0.000041952
2020-12-15 15:01:48.178706, slv, 641c67fffe9298b4(unknown)/1,  0.000271296,  0.000450134, -0.000041952,  0.000634828, 17081.247000000, S, 0.000306712, 34910, 0.000271120, 236730, 2276, 2740,  0.000634828, -0.000041952
2020-12-15 15:01:48.738906, slv, 641c67fffe9298b4(unknown)/1,  0.000270347,  0.000450134, -0.000337772,  0.000634828, 17531.381000000, D, 0.000306712, 34910, 0.000271120, 236730, 2276, 2740,  0.000634828, -0.000337772
2020-12-15 15:01:49.179076, slv, 641c67fffe9298b4(unknown)/1,  0.000270347,  0.000445486, -0.000337772,  0.000797788, 17531.381000000, S, 0.000306712, 34910, 0.000271120, 236730, 2276, 2740,  0.000797788, -0.000337772
2020-12-15 15:01:50.178578, slv, 641c67fffe9298b4(unknown)/1,  0.000270347,  0.000430680, -0.000337772,  0.000604268, 17976.867000000, S, 0.000306712, 34910, 0.000271120, 236730, 2276, 2740,  0.000604268, -0.000337772
2020-12-15 15:01:50.429020, slv, 641c67fffe9298b4(unknown)/1,  0.000269734,  0.000430680,  0.000057484,  0.000604268, 18407.547000000, D, 0.000306712, 34910, 0.000271120, 236730, 2276, 2740,  0.000604268,  0.000057484
2020-12-15 15:01:51.178691, slv, 641c67fffe9298b4(unknown)/1,  0.000269734,  0.000425776,  0.000057484,  0.000787367, 18407.547000000, S, 0.000306712, 34910, 0.000271120, 236730, 2276, 2740,  0.000787367,  0.000057484
2020-12-15 15:01:51.940904, slv, 641c67fffe9298b4(unknown)/1,  0.000271991,  0.000425776,  0.000090330,  0.000787367, 18833.323000000, D, 0.000306712, 34910, 0.000271120, 236730, 2276, 2740,  0.000787367,  0.000090330
2020-12-15 15:01:52.178695, slv, 641c67fffe9298b4(unknown)/1,  0.000271991,  0.000430559,  0.000090330,  0.000615477, 18833.323000000, S, 0.000306712, 34910, 0.000271120, 236730, 2276, 2740,  0.000615477,  0.000090330
2020-12-15 15:01:52.467977, slv, 641c67fffe9298b4(unknown)/1,  0.000273824,  0.000430559, -0.000024019,  0.000615477, 19263.882000000, D, 0.000306712, 34910, 0.000271120, 236730, 2276, 2740,  0.000615477, -0.000024019
2020-12-15 15:01:53.178623, slv, 641c67fffe9298b4(unknown)/1,  0.000273824,  0.000427191, -0.000024019,  0.000784721, 19263.882000000, S, 0.000306712, 34910, 0.000271120, 236730, 2276, 2740,  0.000784721, -0.000024019
2020-12-15 15:01:54.018308, slv, 641c67fffe9298b4(unknown)/1,  0.000275589,  0.000427191,  0.000093243,  0.000784721, 19691.073000000, D, 0.000306712, 34910, 0.000271120, 236730, 2276, 2740,  0.000784721,  0.000093243
2020-12-15 15:01:54.125158, slv, 641c67fffe9298b4(unknown)/1,  0.000278603,  0.000427191,  0.000090611,  0.000784721, 19691.073000000, D, 0.000306712, 34910, 0.000271120, 236730, 2276, 2740,  0.000784721,  0.000090611
2020-12-15 15:01:54.178678, slv, 641c67fffe9298b4(unknown)/1,  0.000278603,  0.000418967,  0.000090611,  0.000605641, 19691.073000000, S, 0.000306712, 34910, 0.000271120, 236730, 2276, 2740,  0.000605641,  0.000090611
2020-12-15 15:01:55.179080, slv, 641c67fffe9298b4(unknown)/1,  0.000278603,  0.000408186,  0.000090611,  0.000767938, 20110.040000000, S, 0.000306712, 34910, 0.000271120, 236730, 2276, 2740,  0.000767938,  0.000090611
2020-12-15 15:01:55.892749, slv, 641c67fffe9298b4(unknown)/1,  0.000281048,  0.000408186,  0.000008960,  0.000767938, 20518.226000000, D, 0.000306712, 34910, 0.000271120, 236730, 2276, 2740,  0.000767938,  0.000008960
2020-12-15 15:01:56.179016, slv, 641c67fffe9298b4(unknown)/1,  0.000281048,  0.000461419,  0.000008960,  0.000714553, 20518.226000000, S, 0.000306712, 34910, 0.000271120, 236730, 2276, 2740,  0.000714553,  0.000008960
2020-12-15 15:01:56.252175, slv, 641c67fffe9298b4(unknown)/1,  0.000283147,  0.000461419,  0.000102900,  0.000714553, 20979.645000000, D, 0.000306712, 34910, 0.000271120, 236730, 2276, 2740,  0.000714553,  0.000102900
2020-12-15 15:01:57.179096, slv, 641c67fffe9298b4(unknown)/1,  0.000283147,  0.000454374,  0.000102900,  0.000758392, 20979.645000000, S, 0.000306712, 34910, 0.000271120, 236730, 2276, 2740,  0.000758392,  0.000102900
2020-12-15 15:01:58.124382, slv, 641c67fffe9298b4(unknown)/1,  0.000285479,  0.000454374,  0.000088494,  0.000758392, 21434.019000000, D, 0.000306712, 34910, 0.000271120, 236730, 2276, 2740,  0.000758392,  0.000088494
2020-12-15 15:01:58.178599, slv, 641c67fffe9298b4(unknown)/1,  0.000285479,  0.000384465,  0.000088494,  0.000579166, 21434.019000000, S, 0.000306712, 34910, 0.000271120, 236730, 2276, 2740,  0.000579166,  0.000088494
2020-12-15 15:01:59.013689, slv, 641c67fffe9298b4(unknown)/1,  0.000285455,  0.000384465, -0.000289713,  0.000579166, 21818.484000000, D, 0.000306712, 34910, 0.000271120, 236730, 2276, 2740,  0.000579166, -0.000289713
2020-12-15 15:01:59.178703, slv, 641c67fffe9298b4(unknown)/1,  0.000285455,  0.000376425, -0.000289713,  0.000744620, 21818.484000000, S, 0.000270091, 7545, 0.000463170, 38718, 15351, 4078,  0.000744620, -0.000289713
2020-12-15 15:01:59.483954, slv, 641c67fffe9298b4(unknown)/1,  0.000284066,  0.000376425, -0.000220008,  0.000744620, 22194.909000000, D, 0.000270091, 7545, 0.000463170, 38718, 15351, 4078,  0.000744620, -0.000220008
2020-12-15 15:02:00.178559, slv, 641c67fffe9298b4(unknown)/1,  0.000284066,  0.000373658, -0.000220008,  0.000572219, 22194.909000000, S, 0.000270091, 7545, 0.000463170, 38718, 15351, 4078,  0.000572219, -0.000220008
2020-12-15 15:02:01.178664, slv, 641c67fffe9298b4(unknown)/1,  0.000284066,  0.000370326, -0.000220008,  0.000736567, 22568.567000000, S, 0.000270091, 7545, 0.000463170, 38718, 15351, 4078,  0.000736567, -0.000220008
2020-12-15 15:02:01.436504, slv, 641c67fffe9298b4(unknown)/1,  0.000285189,  0.000370326,  0.000144503,  0.000736567, 22938.893000000, D, 0.000270091, 7545, 0.000463170, 38718, 15351, 4078,  0.000736567,  0.000144503
2020-12-15 15:02:02.178552, slv, 641c67fffe9298b4(unknown)/1,  0.000285189,  0.000367880,  0.000144503,  0.000568449, 22938.893000000, S, 0.000270091, 7545, 0.000463170, 38718, 15351, 4078,  0.000568449,  0.000144503
2020-12-15 15:02:03.001286, slv, 641c67fffe9298b4(unknown)/1,  0.000286919,  0.000367880,  0.000113258,  0.000568449, 23306.773000000, D, 0.000270091, 7545, 0.000463170, 38718, 15351, 4078,  0.000568449,  0.000113258
2020-12-15 15:02:03.178661, slv, 641c67fffe9298b4(unknown)/1,  0.000286919,  0.000354136,  0.000113258,  0.000711932, 23306.773000000, S, 0.000270091, 7545, 0.000463170, 38718, 15351, 4078,  0.000711932,  0.000113258
2020-12-15 15:02:03.822377, slv, 641c67fffe9298b4(unknown)/1,  0.000286608,  0.000354136, -0.000323127,  0.000711932, 23660.909000000, D, 0.000270091, 7545, 0.000463170, 38718, 15351, 4078,  0.000711932, -0.000323127
2020-12-15 15:02:04.178667, slv, 641c67fffe9298b4(unknown)/1,  0.000286608,  0.000350932, -0.000323127,  0.000563461, 23660.909000000, S, 0.000270091, 7545, 0.000463170, 38718, 15351, 4078,  0.000563461, -0.000323127
2020-12-15 15:02:04.458086, slv, 641c67fffe9298b4(unknown)/1,  0.000285040,  0.000350932, -0.000201014,  0.000563461, 24011.841000000, D, 0.000270091, 7545, 0.000463170, 38718, 15351, 4078,  0.000563461, -0.000201014
2020-12-15 15:02:04.842622, slv, 641c67fffe9298b4(unknown)/1,  0.000283438,  0.000350932, -0.000195879,  0.000563461, 24011.841000000, D, 0.000270091, 7545, 0.000463170, 38718, 15351, 4078,  0.000563461, -0.000195879
2020-12-15 15:02:05.178625, slv, 641c67fffe9298b4(unknown)/1,  0.000283438,  0.000360930, -0.000195879,  0.000728446, 24011.841000000, S, 0.000270091, 7545, 0.000463170, 38718, 15351, 4078,  0.000728446, -0.000195879
2020-12-15 15:02:06.178519, slv, 641c67fffe9298b4(unknown)/1,  0.000283438,  0.000368343, -0.000195879,  0.000575116, 24372.771000000, S, 0.000270091, 7545, 0.000463170, 38718, 15351, 4078,  0.000575116, -0.000195879
2020-12-15 15:02:06.290762, slv, 641c67fffe9298b4(unknown)/1,  0.000281498,  0.000368343, -0.000305685,  0.000575116, 24741.114000000, D, 0.000270091, 7545, 0.000463170, 38718, 15351, 4078,  0.000575116, -0.000305685
2020-12-15 15:02:07.178679, slv, 641c67fffe9298b4(unknown)/1,  0.000281498,  0.000358843, -0.000305685,  0.000707507, 24741.114000000, S, 0.000270091, 7545, 0.000463170, 38718, 15351, 4078,  0.000707507, -0.000305685
2020-12-15 15:02:07.394100, slv, 641c67fffe9298b4(unknown)/1,  0.000279691,  0.000358843, -0.000313533,  0.000707507, 25099.957000000, D, 0.000270091, 7545, 0.000463170, 38718, 15351, 4078,  0.000707507, -0.000313533
2020-12-15 15:02:08.178648, slv, 641c67fffe9298b4(unknown)/1,  0.000279691,  0.000348915, -0.000313533,  0.000551513, 25099.957000000, S, 0.000270091, 7545, 0.000463170, 38718, 15351, 4078,  0.000551513, -0.000313533
2020-12-15 15:02:09.179056, slv, 641c67fffe9298b4(unknown)/1,  0.000279691,  0.000385415, -0.000313533,  0.000778699, 25448.872000000, S, 0.000270091, 7545, 0.000463170, 38718, 15351, 4078,  0.000778699, -0.000313533
2020-12-15 15:02:09.236102, slv, 641c67fffe9298b4(unknown)/1,  0.000280390,  0.000385415,  0.000124953,  0.000778699, 25834.287000000, D, 0.000270091, 7545, 0.000463170, 38718, 15351, 4078,  0.000778699,  0.000124953
2020-12-15 15:02:10.178398, slv, 641c67fffe9298b4(unknown)/1,  0.000280390,  0.000380245,  0.000124953,  0.000541873, 25834.287000000, S, 0.000270091, 7545, 0.000463170, 38718, 15351, 4078,  0.000541873,  0.000124953
2020-12-15 15:02:10.887979, slv, 641c67fffe9298b4(unknown)/1,  0.000281903,  0.000380245,  0.000063246,  0.000541873, 26214.532000000, D, 0.000270091, 7545, 0.000463170, 38718, 15351, 4078,  0.000541873,  0.000063246
2020-12-15 15:02:11.178985, slv, 641c67fffe9298b4(unknown)/1,  0.000281903,  0.000343688,  0.000063246,  0.000707797, 26214.532000000, S, 0.000270091, 7545, 0.000463170, 38718, 15351, 4078,  0.000707797,  0.000063246
2020-12-15 15:02:11.690863, slv, 641c67fffe9298b4(unknown)/1,  0.000281483,  0.000343688, -0.000292715,  0.000707797, 26558.220000000, D, 0.000270091, 7545, 0.000463170, 38718, 15351, 4078,  0.000707797, -0.000292715
2020-12-15 15:02:12.178658, slv, 641c67fffe9298b4(unknown)/1,  0.000281483,  0.000336644, -0.000292715,  0.000528878, 26558.220000000, S, 0.000270091, 7545, 0.000463170, 38718, 15351, 4078,  0.000528878, -0.000292715
2020-12-15 15:02:12.373850, slv, 641c67fffe9298b4(unknown)/1,  0.000281411,  0.000336644,  0.000163647,  0.000528878, 26894.864000000, D, 0.000270091, 7545, 0.000463170, 38718, 15351, 4078,  0.000528878,  0.000163647
2020-12-15 15:02:12.897175, slv, 641c67fffe9298b4(unknown)/1,  0.000282409,  0.000336644,  0.000159782,  0.000528878, 26894.864000000, D, 0.000270091, 7545, 0.000463170, 38718, 15351, 4078,  0.000528878,  0.000159782
2020-12-15 15:02:13.178632, slv, 641c67fffe9298b4(unknown)/1,  0.000282409,  0.000329593,  0.000159782,  0.000694201, 26894.864000000, S, 0.000270091, 7545, 0.000463170, 38718, 15351, 4078,  0.000694201,  0.000159782
2020-12-15 15:02:14.178351, slv, 641c67fffe9298b4(unknown)/1,  0.000282409,  0.000325820,  0.000159782,  0.000522257, 27224.457000000, S, 0.000270091, 7545, 0.000463170, 38718, 15351, 4078,  0.000522257,  0.000159782
2020-12-15 15:02:14.702386, slv, 641c67fffe9298b4(unknown)/1,  0.000283375,  0.000325820,  0.000166010,  0.000522257, 27550.277000000, D, 0.000270091, 7545, 0.000463170, 38718, 15351, 4078,  0.000522257,  0.000166010
2020-12-15 15:02:15.178656, slv, 641c67fffe9298b4(unknown)/1,  0.000283375,  0.000311411,  0.000166010,  0.000666350, 27550.277000000, S, 0.000270091, 7545, 0.000463170, 38718, 15351, 4078,  0.000666350,  0.000166010
2020-12-15 15:02:16.001240, slv, 641c67fffe9298b4(unknown)/1,  0.000284580,  0.000311411,  0.000087383,  0.000666350, 27861.688000000, D, 0.000270091, 7545, 0.000463170, 38718, 15351, 4078,  0.000666350,  0.000087383
2020-12-15 15:02:16.178745, slv, 641c67fffe9298b4(unknown)/1,  0.000284580,  0.000309126,  0.000087383,  0.000519859, 27861.688000000, S, 0.000270091, 7545, 0.000463170, 38718, 15351, 4078,  0.000519859,  0.000087383
2020-12-15 15:02:16.543263, slv, 641c67fffe9298b4(unknown)/1,  0.000284909,  0.000309126, -0.000051017,  0.000519859, 28170.814000000, D, 0.000270091, 7545, 0.000463170, 38718, 15351, 4078,  0.000519859, -0.000051017
2020-12-15 15:02:17.178904, slv, 641c67fffe9298b4(unknown)/1,  0.000284909,  0.000309408, -0.000051017,  0.000668447, 28170.814000000, S, 0.000270091, 7545, 0.000463170, 38718, 15351, 4078,  0.000668447, -0.000051017
2020-12-15 15:02:18.178705, slv, 641c67fffe9298b4(unknown)/1,  0.000284909,  0.000307609, -0.000051017,  0.000516590, 28480.222000000, S, 0.000270091, 7545, 0.000463170, 38718, 15351, 4078,  0.000516590, -0.000051017
2020-12-15 15:02:18.229663, slv, 641c67fffe9298b4(unknown)/1,  0.000284970,  0.000307609,  0.000169744,  0.000516590, 28787.831000000, D, 0.000270091, 7545, 0.000463170, 38718, 15351, 4078,  0.000516590,  0.000169744
2020-12-15 15:02:18.559719, slv, 641c67fffe9298b4(unknown)/1,  0.000284063,  0.000307609, -0.000295200,  0.000516590, 28787.831000000, D, 0.000270091, 7545, 0.000463170, 38718, 15351, 4078,  0.000516590, -0.000295200
2020-12-15 15:02:18.674196, slv, 641c67fffe9298b4(unknown)/1,  0.000281928,  0.000307609, -0.000148165,  0.000516590, 28787.831000000, D, 0.000270091, 7545, 0.000463170, 38718, 15351, 4078,  0.000516590, -0.000148165
2020-12-15 15:02:19.178975, slv, 641c67fffe9298b4(unknown)/1,  0.000281928,  0.000314412, -0.000148165,  0.000679073, 28787.831000000, S, 0.000270091, 7545, 0.000463170, 38718, 15351, 4078,  0.000679073, -0.000148165
2020-12-15 15:02:20.160725, slv, 641c67fffe9298b4(unknown)/1,  0.000282244,  0.000314412,  0.000161230,  0.000679073, 29102.243000000, D, 0.000270091, 7545, 0.000463170, 38718, 15351, 4078,  0.000679073,  0.000161230
2020-12-15 15:02:20.178352, slv, 641c67fffe9298b4(unknown)/1,  0.000282244,  0.000312383,  0.000161230,  0.000509867, 29102.243000000, S, 0.000270091, 7545, 0.000463170, 38718, 15351, 4078,  0.000509867,  0.000161230
2020-12-15 15:02:21.178627, slv, 641c67fffe9298b4(unknown)/1,  0.000282244,  0.000310112,  0.000161230,  0.000674846, 29414.626000000, S, 0.000270091, 7545, 0.000463170, 38718, 15351, 4078,  0.000674846,  0.000161230
2020-12-15 15:02:21.529699, slv, 641c67fffe9298b4(unknown)/1,  0.000283026,  0.000310112, -0.000186021,  0.000674846, 29724.738000000, D, 0.000270091, 7545, 0.000463170, 38718, 15351, 4078,  0.000674846, -0.000186021
2020-12-15 15:02:22.178396, slv, 641c67fffe9298b4(unknown)/1,  0.000283026,  0.000306185, -0.000186021,  0.000502794, 29724.738000000, S, 0.000270091, 7545, 0.000463170, 38718, 15351, 4078,  0.000502794, -0.000186021
2020-12-15 15:02:23.178946, slv, 641c67fffe9298b4(unknown)/1,  0.000283026,  0.000302976, -0.000186021,  0.000669211, 30030.923000000, S, 0.000270091, 7545, 0.000463170, 38718, 15351, 4078,  0.000669211, -0.000186021
2020-12-15 15:02:23.306021, slv, 641c67fffe9298b4(unknown)/1,  0.000283860,  0.000302976,  0.000187678,  0.000669211, 30333.899000000, D, 0.000270091, 7545, 0.000463170, 38718, 15351, 4078,  0.000669211,  0.000187678
2020-12-15 15:02:23.881972, dsbl, 
